0 info it worked if it ends with ok
1 verbose cli [ 'C:\\Program Files\\nodejs\\node.exe',
1 verbose cli   'C:\\Program Files\\nodejs\\node_modules\\npm\\bin\\npm-cli.js',
1 verbose cli   'run',
1 verbose cli   'tsc:w' ]
2 info using npm@3.10.3
3 info using node@v6.3.0
4 verbose run-script [ 'pretsc:w', 'tsc:w', 'posttsc:w' ]
5 info lifecycle ng2-fundamentals-demo@1.0.0~pretsc:w: ng2-fundamentals-demo@1.0.0
6 silly lifecycle ng2-fundamentals-demo@1.0.0~pretsc:w: no script for pretsc:w, continuing
7 info lifecycle ng2-fundamentals-demo@1.0.0~tsc:w: ng2-fundamentals-demo@1.0.0
8 verbose lifecycle ng2-fundamentals-demo@1.0.0~tsc:w: unsafe-perm in lifecycle true
9 verbose lifecycle ng2-fundamentals-demo@1.0.0~tsc:w: PATH: C:\Users\Sam\AppData\Roaming\nvm\v6.3.0\node_modules\npm\bin\node-gyp-bin;C:\Users\Sam\Desktop\internetProgram\assignment-3\node_modules\.bin;C:\Program Files\nodejs;C:\Users\Sam\bin;C:\Program Files\Git\mingw64\bin;C:\Program Files\Git\usr\local\bin;C:\Program Files\Git\usr\bin;C:\Program Files\Git\usr\bin;C:\Program Files\Git\mingw64\bin;C:\Program Files\Git\usr\bin;C:\Users\Sam\bin;C:\Program Files\Git\git-cmd.exe;C:\WINDOWS\system32;C:\WINDOWS;C:\WINDOWS\System32\Wbem;C:\WINDOWS\System32\WindowsPowerShell\v1.0;C:\Program Files (x86)\GtkSharp\2.12\bin;C:\Users\Sam\AppData\Roaming\nvm;C:\Program Files\nodejs;C:\Users\Sam\AppData\Local\Microsoft\WindowsApps;C:\Program Files\nodejs;D:\programs\Microsoft VS Code\bin;C:\Users\Sam\AppData\Roaming\nvm;C:\Program Files\nodejs;C:\Program Files\Git\usr\bin\vendor_perl;C:\Program Files\Git\usr\bin\core_perl
10 verbose lifecycle ng2-fundamentals-demo@1.0.0~tsc:w: CWD: C:\Users\Sam\Desktop\internetProgram\assignment-3
11 silly lifecycle ng2-fundamentals-demo@1.0.0~tsc:w: Args: [ '/d /s /c', 'tsc -w' ]
12 silly lifecycle ng2-fundamentals-demo@1.0.0~tsc:w: Returned: code: 1  signal: null
13 info lifecycle ng2-fundamentals-demo@1.0.0~tsc:w: Failed to exec tsc:w script
14 verbose stack Error: ng2-fundamentals-demo@1.0.0 tsc:w: `tsc -w`
14 verbose stack Exit status 1
14 verbose stack     at EventEmitter.<anonymous> (C:\Users\Sam\AppData\Roaming\nvm\v6.3.0\node_modules\npm\lib\utils\lifecycle.js:242:16)
14 verbose stack     at emitTwo (events.js:106:13)
14 verbose stack     at EventEmitter.emit (events.js:191:7)
14 verbose stack     at ChildProcess.<anonymous> (C:\Users\Sam\AppData\Roaming\nvm\v6.3.0\node_modules\npm\lib\utils\spawn.js:40:14)
14 verbose stack     at emitTwo (events.js:106:13)
14 verbose stack     at ChildProcess.emit (events.js:191:7)
14 verbose stack     at maybeClose (internal/child_process.js:852:16)
14 verbose stack     at Process.ChildProcess._handle.onexit (internal/child_process.js:215:5)
15 verbose pkgid ng2-fundamentals-demo@1.0.0
16 verbose cwd C:\Users\Sam\Desktop\internetProgram\assignment-3
17 error Windows_NT 10.0.15063
18 error argv "C:\\Program Files\\nodejs\\node.exe" "C:\\Program Files\\nodejs\\node_modules\\npm\\bin\\npm-cli.js" "run" "tsc:w"
19 error node v6.3.0
20 error npm  v3.10.3
21 error code ELIFECYCLE
22 error ng2-fundamentals-demo@1.0.0 tsc:w: `tsc -w`
22 error Exit status 1
23 error Failed at the ng2-fundamentals-demo@1.0.0 tsc:w script 'tsc -w'.
23 error Make sure you have the latest version of node.js and npm installed.
23 error If you do, this is most likely a problem with the ng2-fundamentals-demo package,
23 error not with npm itself.
23 error Tell the author that this fails on your system:
23 error     tsc -w
23 error You can get information on how to open an issue for this project with:
23 error     npm bugs ng2-fundamentals-demo
23 error Or if that isn't available, you can get their info via:
23 error     npm owner ls ng2-fundamentals-demo
23 error There is likely additional logging output above.
24 verbose exit [ 1, true ]
